*ERROR* 	v1.7.8.7	2022/11/21 - 12:12:02: Table &#039;prestashop.ps_shop_url&#039; doesn&#039;t exist&lt;br /&gt;&lt;br /&gt;&lt;pre&gt;SELECT s.id_shop, CONCAT(su.physical_uri, su.virtual_uri) AS uri, su.domain, su.main
                    FROM ps_shop_url su
                    LEFT JOIN ps_shop s ON (s.id_shop = su.id_shop)
                    WHERE (su.domain = &#039;localhost&#039; OR su.domain_ssl = &#039;localhost&#039;)
                        AND s.active = 1
                        AND s.deleted = 0
                    ORDER BY LENGTH(CONCAT(su.physical_uri, su.virtual_uri)) DESC&lt;/pre&gt; at line 769 in file classes/db/Db.php
*ERROR* 	v1.7.8.7	2022/11/21 - 12:12:03: Table &#039;prestashop.ps_shop_url&#039; doesn&#039;t exist&lt;br /&gt;&lt;br /&gt;&lt;pre&gt;SELECT s.id_shop, CONCAT(su.physical_uri, su.virtual_uri) AS uri, su.domain, su.main
                    FROM ps_shop_url su
                    LEFT JOIN ps_shop s ON (s.id_shop = su.id_shop)
                    WHERE (su.domain = &#039;localhost&#039; OR su.domain_ssl = &#039;localhost&#039;)
                        AND s.active = 1
                        AND s.deleted = 0
                    ORDER BY LENGTH(CONCAT(su.physical_uri, su.virtual_uri)) DESC&lt;/pre&gt; at line 769 in file classes/db/Db.php
*ERROR* 	v1.7.8.7	2022/11/21 - 12:12:04: Table &#039;prestashop.ps_shop_url&#039; doesn&#039;t exist&lt;br /&gt;&lt;br /&gt;&lt;pre&gt;SELECT s.id_shop, CONCAT(su.physical_uri, su.virtual_uri) AS uri, su.domain, su.main
                    FROM ps_shop_url su
                    LEFT JOIN ps_shop s ON (s.id_shop = su.id_shop)
                    WHERE (su.domain = &#039;localhost&#039; OR su.domain_ssl = &#039;localhost&#039;)
                        AND s.active = 1
                        AND s.deleted = 0
                    ORDER BY LENGTH(CONCAT(su.physical_uri, su.virtual_uri)) DESC&lt;/pre&gt; at line 769 in file classes/db/Db.php
*ERROR* 	v1.7.8.7	2022/11/21 - 12:12:04: Table &#039;prestashop.ps_shop_url&#039; doesn&#039;t exist&lt;br /&gt;&lt;br /&gt;&lt;pre&gt;SELECT s.id_shop, CONCAT(su.physical_uri, su.virtual_uri) AS uri, su.domain, su.main
                    FROM ps_shop_url su
                    LEFT JOIN ps_shop s ON (s.id_shop = su.id_shop)
                    WHERE (su.domain = &#039;localhost&#039; OR su.domain_ssl = &#039;localhost&#039;)
                        AND s.active = 1
                        AND s.deleted = 0
                    ORDER BY LENGTH(CONCAT(su.physical_uri, su.virtual_uri)) DESC&lt;/pre&gt; at line 769 in file classes/db/Db.php
*ERROR* 	v1.7.8.7	2022/11/21 - 12:12:04: Table &#039;prestashop.ps_shop_url&#039; doesn&#039;t exist&lt;br /&gt;&lt;br /&gt;&lt;pre&gt;SELECT s.id_shop, CONCAT(su.physical_uri, su.virtual_uri) AS uri, su.domain, su.main
                    FROM ps_shop_url su
                    LEFT JOIN ps_shop s ON (s.id_shop = su.id_shop)
                    WHERE (su.domain = &#039;localhost&#039; OR su.domain_ssl = &#039;localhost&#039;)
                        AND s.active = 1
                        AND s.deleted = 0
                    ORDER BY LENGTH(CONCAT(su.physical_uri, su.virtual_uri)) DESC&lt;/pre&gt; at line 769 in file classes/db/Db.php
*ERROR* 	v1.7.8.7	2022/11/21 - 12:12:04: Table &#039;prestashop.ps_shop_url&#039; doesn&#039;t exist&lt;br /&gt;&lt;br /&gt;&lt;pre&gt;SELECT s.id_shop, CONCAT(su.physical_uri, su.virtual_uri) AS uri, su.domain, su.main
                    FROM ps_shop_url su
                    LEFT JOIN ps_shop s ON (s.id_shop = su.id_shop)
                    WHERE (su.domain = &#039;localhost&#039; OR su.domain_ssl = &#039;localhost&#039;)
                        AND s.active = 1
                        AND s.deleted = 0
                    ORDER BY LENGTH(CONCAT(su.physical_uri, su.virtual_uri)) DESC&lt;/pre&gt; at line 769 in file classes/db/Db.php
*ERROR* 	v1.7.8.7	2022/11/21 - 12:12:04: Table &#039;prestashop.ps_shop_url&#039; doesn&#039;t exist&lt;br /&gt;&lt;br /&gt;&lt;pre&gt;SELECT s.id_shop, CONCAT(su.physical_uri, su.virtual_uri) AS uri, su.domain, su.main
                    FROM ps_shop_url su
                    LEFT JOIN ps_shop s ON (s.id_shop = su.id_shop)
                    WHERE (su.domain = &#039;localhost&#039; OR su.domain_ssl = &#039;localhost&#039;)
                        AND s.active = 1
                        AND s.deleted = 0
                    ORDER BY LENGTH(CONCAT(su.physical_uri, su.virtual_uri)) DESC&lt;/pre&gt; at line 769 in file classes/db/Db.php
*ERROR* 	v1.7.8.7	2022/11/21 - 12:12:04: Table &#039;prestashop.ps_shop_url&#039; doesn&#039;t exist&lt;br /&gt;&lt;br /&gt;&lt;pre&gt;SELECT s.id_shop, CONCAT(su.physical_uri, su.virtual_uri) AS uri, su.domain, su.main
                    FROM ps_shop_url su
                    LEFT JOIN ps_shop s ON (s.id_shop = su.id_shop)
                    WHERE (su.domain = &#039;localhost&#039; OR su.domain_ssl = &#039;localhost&#039;)
                        AND s.active = 1
                        AND s.deleted = 0
                    ORDER BY LENGTH(CONCAT(su.physical_uri, su.virtual_uri)) DESC&lt;/pre&gt; at line 769 in file classes/db/Db.php
*ERROR* 	v1.7.8.7	2022/11/21 - 12:12:05: Table &#039;prestashop.ps_shop_url&#039; doesn&#039;t exist&lt;br /&gt;&lt;br /&gt;&lt;pre&gt;SELECT s.id_shop, CONCAT(su.physical_uri, su.virtual_uri) AS uri, su.domain, su.main
                    FROM ps_shop_url su
                    LEFT JOIN ps_shop s ON (s.id_shop = su.id_shop)
                    WHERE (su.domain = &#039;localhost&#039; OR su.domain_ssl = &#039;localhost&#039;)
                        AND s.active = 1
                        AND s.deleted = 0
                    ORDER BY LENGTH(CONCAT(su.physical_uri, su.virtual_uri)) DESC&lt;/pre&gt; at line 769 in file classes/db/Db.php
*ERROR* 	v1.7.8.7	2022/11/21 - 12:12:05: Table &#039;prestashop.ps_shop_url&#039; doesn&#039;t exist&lt;br /&gt;&lt;br /&gt;&lt;pre&gt;SELECT s.id_shop, CONCAT(su.physical_uri, su.virtual_uri) AS uri, su.domain, su.main
                    FROM ps_shop_url su
                    LEFT JOIN ps_shop s ON (s.id_shop = su.id_shop)
                    WHERE (su.domain = &#039;localhost&#039; OR su.domain_ssl = &#039;localhost&#039;)
                        AND s.active = 1
                        AND s.deleted = 0
                    ORDER BY LENGTH(CONCAT(su.physical_uri, su.virtual_uri)) DESC&lt;/pre&gt; at line 769 in file classes/db/Db.php
*ERROR* 	v1.7.8.7	2022/11/21 - 12:12:05: Table &#039;prestashop.ps_shop_url&#039; doesn&#039;t exist&lt;br /&gt;&lt;br /&gt;&lt;pre&gt;SELECT s.id_shop, CONCAT(su.physical_uri, su.virtual_uri) AS uri, su.domain, su.main
                    FROM ps_shop_url su
                    LEFT JOIN ps_shop s ON (s.id_shop = su.id_shop)
                    WHERE (su.domain = &#039;localhost&#039; OR su.domain_ssl = &#039;localhost&#039;)
                        AND s.active = 1
                        AND s.deleted = 0
                    ORDER BY LENGTH(CONCAT(su.physical_uri, su.virtual_uri)) DESC&lt;/pre&gt; at line 769 in file classes/db/Db.php
*ERROR* 	v1.7.8.7	2022/11/21 - 12:12:21: Table &#039;prestashop.ps_shop_url&#039; doesn&#039;t exist&lt;br /&gt;&lt;br /&gt;&lt;pre&gt;SELECT s.id_shop, CONCAT(su.physical_uri, su.virtual_uri) AS uri, su.domain, su.main
                    FROM ps_shop_url su
                    LEFT JOIN ps_shop s ON (s.id_shop = su.id_shop)
                    WHERE (su.domain = &#039;localhost&#039; OR su.domain_ssl = &#039;localhost&#039;)
                        AND s.active = 1
                        AND s.deleted = 0
                    ORDER BY LENGTH(CONCAT(su.physical_uri, su.virtual_uri)) DESC&lt;/pre&gt; at line 769 in file classes/db/Db.php
*ERROR* 	v1.7.8.7	2022/11/21 - 12:12:21: Table &#039;prestashop.ps_shop_url&#039; doesn&#039;t exist&lt;br /&gt;&lt;br /&gt;&lt;pre&gt;SELECT s.id_shop, CONCAT(su.physical_uri, su.virtual_uri) AS uri, su.domain, su.main
                    FROM ps_shop_url su
                    LEFT JOIN ps_shop s ON (s.id_shop = su.id_shop)
                    WHERE (su.domain = &#039;localhost&#039; OR su.domain_ssl = &#039;localhost&#039;)
                        AND s.active = 1
                        AND s.deleted = 0
                    ORDER BY LENGTH(CONCAT(su.physical_uri, su.virtual_uri)) DESC&lt;/pre&gt; at line 769 in file classes/db/Db.php
*ERROR* 	v1.7.8.7	2022/11/21 - 12:12:22: Table &#039;prestashop.ps_shop_url&#039; doesn&#039;t exist&lt;br /&gt;&lt;br /&gt;&lt;pre&gt;SELECT s.id_shop, CONCAT(su.physical_uri, su.virtual_uri) AS uri, su.domain, su.main
                    FROM ps_shop_url su
                    LEFT JOIN ps_shop s ON (s.id_shop = su.id_shop)
                    WHERE (su.domain = &#039;localhost&#039; OR su.domain_ssl = &#039;localhost&#039;)
                        AND s.active = 1
                        AND s.deleted = 0
                    ORDER BY LENGTH(CONCAT(su.physical_uri, su.virtual_uri)) DESC&lt;/pre&gt; at line 769 in file classes/db/Db.php
*ERROR* 	v1.7.8.7	2022/11/21 - 12:12:22: Table &#039;prestashop.ps_shop_url&#039; doesn&#039;t exist&lt;br /&gt;&lt;br /&gt;&lt;pre&gt;SELECT s.id_shop, CONCAT(su.physical_uri, su.virtual_uri) AS uri, su.domain, su.main
                    FROM ps_shop_url su
                    LEFT JOIN ps_shop s ON (s.id_shop = su.id_shop)
                    WHERE (su.domain = &#039;localhost&#039; OR su.domain_ssl = &#039;localhost&#039;)
                        AND s.active = 1
                        AND s.deleted = 0
                    ORDER BY LENGTH(CONCAT(su.physical_uri, su.virtual_uri)) DESC&lt;/pre&gt; at line 769 in file classes/db/Db.php
*ERROR* 	v1.7.8.7	2022/11/21 - 12:12:29: Table &#039;prestashop.ps_shop_url&#039; doesn&#039;t exist&lt;br /&gt;&lt;br /&gt;&lt;pre&gt;SELECT s.id_shop, CONCAT(su.physical_uri, su.virtual_uri) AS uri, su.domain, su.main
                    FROM ps_shop_url su
                    LEFT JOIN ps_shop s ON (s.id_shop = su.id_shop)
                    WHERE (su.domain = &#039;localhost&#039; OR su.domain_ssl = &#039;localhost&#039;)
                        AND s.active = 1
                        AND s.deleted = 0
                    ORDER BY LENGTH(CONCAT(su.physical_uri, su.virtual_uri)) DESC&lt;/pre&gt; at line 769 in file classes/db/Db.php
*ERROR* 	v1.7.8.7	2022/11/21 - 12:14:26: Table &#039;prestashop.ps_shop_url&#039; doesn&#039;t exist&lt;br /&gt;&lt;br /&gt;&lt;pre&gt;SELECT s.id_shop, CONCAT(su.physical_uri, su.virtual_uri) AS uri, su.domain, su.main
                    FROM ps_shop_url su
                    LEFT JOIN ps_shop s ON (s.id_shop = su.id_shop)
                    WHERE (su.domain = &#039;localhost&#039; OR su.domain_ssl = &#039;localhost&#039;)
                        AND s.active = 1
                        AND s.deleted = 0
                    ORDER BY LENGTH(CONCAT(su.physical_uri, su.virtual_uri)) DESC&lt;/pre&gt; at line 769 in file classes/db/Db.php
*ERROR* 	v1.7.8.7	2022/11/21 - 12:14:27: Table &#039;prestashop.ps_shop_url&#039; doesn&#039;t exist&lt;br /&gt;&lt;br /&gt;&lt;pre&gt;SELECT s.id_shop, CONCAT(su.physical_uri, su.virtual_uri) AS uri, su.domain, su.main
                    FROM ps_shop_url su
                    LEFT JOIN ps_shop s ON (s.id_shop = su.id_shop)
                    WHERE (su.domain = &#039;localhost&#039; OR su.domain_ssl = &#039;localhost&#039;)
                        AND s.active = 1
                        AND s.deleted = 0
                    ORDER BY LENGTH(CONCAT(su.physical_uri, su.virtual_uri)) DESC&lt;/pre&gt; at line 769 in file classes/db/Db.php
*ERROR* 	v1.7.8.7	2022/11/21 - 12:14:27: Table &#039;prestashop.ps_shop_url&#039; doesn&#039;t exist&lt;br /&gt;&lt;br /&gt;&lt;pre&gt;SELECT s.id_shop, CONCAT(su.physical_uri, su.virtual_uri) AS uri, su.domain, su.main
                    FROM ps_shop_url su
                    LEFT JOIN ps_shop s ON (s.id_shop = su.id_shop)
                    WHERE (su.domain = &#039;localhost&#039; OR su.domain_ssl = &#039;localhost&#039;)
                        AND s.active = 1
                        AND s.deleted = 0
                    ORDER BY LENGTH(CONCAT(su.physical_uri, su.virtual_uri)) DESC&lt;/pre&gt; at line 769 in file classes/db/Db.php
*ERROR* 	v1.7.8.7	2022/11/21 - 12:14:27: Table &#039;prestashop.ps_shop_url&#039; doesn&#039;t exist&lt;br /&gt;&lt;br /&gt;&lt;pre&gt;SELECT s.id_shop, CONCAT(su.physical_uri, su.virtual_uri) AS uri, su.domain, su.main
                    FROM ps_shop_url su
                    LEFT JOIN ps_shop s ON (s.id_shop = su.id_shop)
                    WHERE (su.domain = &#039;localhost&#039; OR su.domain_ssl = &#039;localhost&#039;)
                        AND s.active = 1
                        AND s.deleted = 0
                    ORDER BY LENGTH(CONCAT(su.physical_uri, su.virtual_uri)) DESC&lt;/pre&gt; at line 769 in file classes/db/Db.php
*ERROR* 	v1.7.8.7	2022/11/21 - 12:14:27: Table &#039;prestashop.ps_shop_url&#039; doesn&#039;t exist&lt;br /&gt;&lt;br /&gt;&lt;pre&gt;SELECT s.id_shop, CONCAT(su.physical_uri, su.virtual_uri) AS uri, su.domain, su.main
                    FROM ps_shop_url su
                    LEFT JOIN ps_shop s ON (s.id_shop = su.id_shop)
                    WHERE (su.domain = &#039;localhost&#039; OR su.domain_ssl = &#039;localhost&#039;)
                        AND s.active = 1
                        AND s.deleted = 0
                    ORDER BY LENGTH(CONCAT(su.physical_uri, su.virtual_uri)) DESC&lt;/pre&gt; at line 769 in file classes/db/Db.php
*ERROR* 	v1.7.8.7	2022/11/21 - 12:14:28: Table &#039;prestashop.ps_shop_url&#039; doesn&#039;t exist&lt;br /&gt;&lt;br /&gt;&lt;pre&gt;SELECT s.id_shop, CONCAT(su.physical_uri, su.virtual_uri) AS uri, su.domain, su.main
                    FROM ps_shop_url su
                    LEFT JOIN ps_shop s ON (s.id_shop = su.id_shop)
                    WHERE (su.domain = &#039;localhost&#039; OR su.domain_ssl = &#039;localhost&#039;)
                        AND s.active = 1
                        AND s.deleted = 0
                    ORDER BY LENGTH(CONCAT(su.physical_uri, su.virtual_uri)) DESC&lt;/pre&gt; at line 769 in file classes/db/Db.php
*ERROR* 	v1.7.8.7	2022/11/21 - 12:14:28: Table &#039;prestashop.ps_shop_url&#039; doesn&#039;t exist&lt;br /&gt;&lt;br /&gt;&lt;pre&gt;SELECT s.id_shop, CONCAT(su.physical_uri, su.virtual_uri) AS uri, su.domain, su.main
                    FROM ps_shop_url su
                    LEFT JOIN ps_shop s ON (s.id_shop = su.id_shop)
                    WHERE (su.domain = &#039;localhost&#039; OR su.domain_ssl = &#039;localhost&#039;)
                        AND s.active = 1
                        AND s.deleted = 0
                    ORDER BY LENGTH(CONCAT(su.physical_uri, su.virtual_uri)) DESC&lt;/pre&gt; at line 769 in file classes/db/Db.php
*ERROR* 	v1.7.8.7	2022/11/21 - 12:14:28: Table &#039;prestashop.ps_shop_url&#039; doesn&#039;t exist&lt;br /&gt;&lt;br /&gt;&lt;pre&gt;SELECT s.id_shop, CONCAT(su.physical_uri, su.virtual_uri) AS uri, su.domain, su.main
                    FROM ps_shop_url su
                    LEFT JOIN ps_shop s ON (s.id_shop = su.id_shop)
                    WHERE (su.domain = &#039;localhost&#039; OR su.domain_ssl = &#039;localhost&#039;)
                        AND s.active = 1
                        AND s.deleted = 0
                    ORDER BY LENGTH(CONCAT(su.physical_uri, su.virtual_uri)) DESC&lt;/pre&gt; at line 769 in file classes/db/Db.php
*ERROR* 	v1.7.8.7	2022/11/21 - 12:14:28: Table &#039;prestashop.ps_shop_url&#039; doesn&#039;t exist&lt;br /&gt;&lt;br /&gt;&lt;pre&gt;SELECT s.id_shop, CONCAT(su.physical_uri, su.virtual_uri) AS uri, su.domain, su.main
                    FROM ps_shop_url su
                    LEFT JOIN ps_shop s ON (s.id_shop = su.id_shop)
                    WHERE (su.domain = &#039;localhost&#039; OR su.domain_ssl = &#039;localhost&#039;)
                        AND s.active = 1
                        AND s.deleted = 0
                    ORDER BY LENGTH(CONCAT(su.physical_uri, su.virtual_uri)) DESC&lt;/pre&gt; at line 769 in file classes/db/Db.php
*ERROR* 	v1.7.8.7	2022/11/21 - 12:14:28: Table &#039;prestashop.ps_shop_url&#039; doesn&#039;t exist&lt;br /&gt;&lt;br /&gt;&lt;pre&gt;SELECT s.id_shop, CONCAT(su.physical_uri, su.virtual_uri) AS uri, su.domain, su.main
                    FROM ps_shop_url su
                    LEFT JOIN ps_shop s ON (s.id_shop = su.id_shop)
                    WHERE (su.domain = &#039;localhost&#039; OR su.domain_ssl = &#039;localhost&#039;)
                        AND s.active = 1
                        AND s.deleted = 0
                    ORDER BY LENGTH(CONCAT(su.physical_uri, su.virtual_uri)) DESC&lt;/pre&gt; at line 769 in file classes/db/Db.php
*ERROR* 	v1.7.8.7	2022/11/21 - 12:14:28: Table &#039;prestashop.ps_shop_url&#039; doesn&#039;t exist&lt;br /&gt;&lt;br /&gt;&lt;pre&gt;SELECT s.id_shop, CONCAT(su.physical_uri, su.virtual_uri) AS uri, su.domain, su.main
                    FROM ps_shop_url su
                    LEFT JOIN ps_shop s ON (s.id_shop = su.id_shop)
                    WHERE (su.domain = &#039;localhost&#039; OR su.domain_ssl = &#039;localhost&#039;)
                        AND s.active = 1
                        AND s.deleted = 0
                    ORDER BY LENGTH(CONCAT(su.physical_uri, su.virtual_uri)) DESC&lt;/pre&gt; at line 769 in file classes/db/Db.php
*ERROR* 	v1.7.8.7	2022/11/21 - 12:14:29: Table &#039;prestashop.ps_shop_url&#039; doesn&#039;t exist&lt;br /&gt;&lt;br /&gt;&lt;pre&gt;SELECT s.id_shop, CONCAT(su.physical_uri, su.virtual_uri) AS uri, su.domain, su.main
                    FROM ps_shop_url su
                    LEFT JOIN ps_shop s ON (s.id_shop = su.id_shop)
                    WHERE (su.domain = &#039;localhost&#039; OR su.domain_ssl = &#039;localhost&#039;)
                        AND s.active = 1
                        AND s.deleted = 0
                    ORDER BY LENGTH(CONCAT(su.physical_uri, su.virtual_uri)) DESC&lt;/pre&gt; at line 769 in file classes/db/Db.php
*ERROR* 	v1.7.8.7	2022/11/21 - 12:14:29: Table &#039;prestashop.ps_shop_url&#039; doesn&#039;t exist&lt;br /&gt;&lt;br /&gt;&lt;pre&gt;SELECT s.id_shop, CONCAT(su.physical_uri, su.virtual_uri) AS uri, su.domain, su.main
                    FROM ps_shop_url su
                    LEFT JOIN ps_shop s ON (s.id_shop = su.id_shop)
                    WHERE (su.domain = &#039;localhost&#039; OR su.domain_ssl = &#039;localhost&#039;)
                        AND s.active = 1
                        AND s.deleted = 0
                    ORDER BY LENGTH(CONCAT(su.physical_uri, su.virtual_uri)) DESC&lt;/pre&gt; at line 769 in file classes/db/Db.php
*ERROR* 	v1.7.8.7	2022/11/21 - 12:14:29: Table &#039;prestashop.ps_shop_url&#039; doesn&#039;t exist&lt;br /&gt;&lt;br /&gt;&lt;pre&gt;SELECT s.id_shop, CONCAT(su.physical_uri, su.virtual_uri) AS uri, su.domain, su.main
                    FROM ps_shop_url su
                    LEFT JOIN ps_shop s ON (s.id_shop = su.id_shop)
                    WHERE (su.domain = &#039;localhost&#039; OR su.domain_ssl = &#039;localhost&#039;)
                        AND s.active = 1
                        AND s.deleted = 0
                    ORDER BY LENGTH(CONCAT(su.physical_uri, su.virtual_uri)) DESC&lt;/pre&gt; at line 769 in file classes/db/Db.php
*ERROR* 	v1.7.8.7	2022/11/21 - 12:14:29: Table &#039;prestashop.ps_shop_url&#039; doesn&#039;t exist&lt;br /&gt;&lt;br /&gt;&lt;pre&gt;SELECT s.id_shop, CONCAT(su.physical_uri, su.virtual_uri) AS uri, su.domain, su.main
                    FROM ps_shop_url su
                    LEFT JOIN ps_shop s ON (s.id_shop = su.id_shop)
                    WHERE (su.domain = &#039;localhost&#039; OR su.domain_ssl = &#039;localhost&#039;)
                        AND s.active = 1
                        AND s.deleted = 0
                    ORDER BY LENGTH(CONCAT(su.physical_uri, su.virtual_uri)) DESC&lt;/pre&gt; at line 769 in file classes/db/Db.php
*ERROR* 	v1.7.8.7	2022/11/21 - 12:14:29: Table &#039;prestashop.ps_shop_url&#039; doesn&#039;t exist&lt;br /&gt;&lt;br /&gt;&lt;pre&gt;SELECT s.id_shop, CONCAT(su.physical_uri, su.virtual_uri) AS uri, su.domain, su.main
                    FROM ps_shop_url su
                    LEFT JOIN ps_shop s ON (s.id_shop = su.id_shop)
                    WHERE (su.domain = &#039;localhost&#039; OR su.domain_ssl = &#039;localhost&#039;)
                        AND s.active = 1
                        AND s.deleted = 0
                    ORDER BY LENGTH(CONCAT(su.physical_uri, su.virtual_uri)) DESC&lt;/pre&gt; at line 769 in file classes/db/Db.php
*ERROR* 	v1.7.8.7	2022/11/21 - 12:14:29: Table &#039;prestashop.ps_shop_url&#039; doesn&#039;t exist&lt;br /&gt;&lt;br /&gt;&lt;pre&gt;SELECT s.id_shop, CONCAT(su.physical_uri, su.virtual_uri) AS uri, su.domain, su.main
                    FROM ps_shop_url su
                    LEFT JOIN ps_shop s ON (s.id_shop = su.id_shop)
                    WHERE (su.domain = &#039;localhost&#039; OR su.domain_ssl = &#039;localhost&#039;)
                        AND s.active = 1
                        AND s.deleted = 0
                    ORDER BY LENGTH(CONCAT(su.physical_uri, su.virtual_uri)) DESC&lt;/pre&gt; at line 769 in file classes/db/Db.php
*ERROR* 	v1.7.8.7	2022/11/21 - 12:14:30: Table &#039;prestashop.ps_shop_url&#039; doesn&#039;t exist&lt;br /&gt;&lt;br /&gt;&lt;pre&gt;SELECT s.id_shop, CONCAT(su.physical_uri, su.virtual_uri) AS uri, su.domain, su.main
                    FROM ps_shop_url su
                    LEFT JOIN ps_shop s ON (s.id_shop = su.id_shop)
                    WHERE (su.domain = &#039;localhost&#039; OR su.domain_ssl = &#039;localhost&#039;)
                        AND s.active = 1
                        AND s.deleted = 0
                    ORDER BY LENGTH(CONCAT(su.physical_uri, su.virtual_uri)) DESC&lt;/pre&gt; at line 769 in file classes/db/Db.php
*ERROR* 	v1.7.8.7	2022/11/21 - 12:15:12: Table &#039;prestashop.ps_shop_url&#039; doesn&#039;t exist&lt;br /&gt;&lt;br /&gt;&lt;pre&gt;SELECT s.id_shop, CONCAT(su.physical_uri, su.virtual_uri) AS uri, su.domain, su.main
                    FROM ps_shop_url su
                    LEFT JOIN ps_shop s ON (s.id_shop = su.id_shop)
                    WHERE (su.domain = &#039;localhost&#039; OR su.domain_ssl = &#039;localhost&#039;)
                        AND s.active = 1
                        AND s.deleted = 0
                    ORDER BY LENGTH(CONCAT(su.physical_uri, su.virtual_uri)) DESC&lt;/pre&gt; at line 769 in file classes/db/Db.php
*ERROR* 	v1.7.8.7	2022/11/21 - 12:15:12: Table &#039;prestashop.ps_shop_url&#039; doesn&#039;t exist&lt;br /&gt;&lt;br /&gt;&lt;pre&gt;SELECT s.id_shop, CONCAT(su.physical_uri, su.virtual_uri) AS uri, su.domain, su.main
                    FROM ps_shop_url su
                    LEFT JOIN ps_shop s ON (s.id_shop = su.id_shop)
                    WHERE (su.domain = &#039;localhost&#039; OR su.domain_ssl = &#039;localhost&#039;)
                        AND s.active = 1
                        AND s.deleted = 0
                    ORDER BY LENGTH(CONCAT(su.physical_uri, su.virtual_uri)) DESC&lt;/pre&gt; at line 769 in file classes/db/Db.php
*ERROR* 	v1.7.8.7	2022/11/21 - 12:15:12: Table &#039;prestashop.ps_shop_url&#039; doesn&#039;t exist&lt;br /&gt;&lt;br /&gt;&lt;pre&gt;SELECT s.id_shop, CONCAT(su.physical_uri, su.virtual_uri) AS uri, su.domain, su.main
                    FROM ps_shop_url su
                    LEFT JOIN ps_shop s ON (s.id_shop = su.id_shop)
                    WHERE (su.domain = &#039;localhost&#039; OR su.domain_ssl = &#039;localhost&#039;)
                        AND s.active = 1
                        AND s.deleted = 0
                    ORDER BY LENGTH(CONCAT(su.physical_uri, su.virtual_uri)) DESC&lt;/pre&gt; at line 769 in file classes/db/Db.php
*ERROR* 	v1.7.8.7	2022/11/21 - 12:15:12: Table &#039;prestashop.ps_shop_url&#039; doesn&#039;t exist&lt;br /&gt;&lt;br /&gt;&lt;pre&gt;SELECT s.id_shop, CONCAT(su.physical_uri, su.virtual_uri) AS uri, su.domain, su.main
                    FROM ps_shop_url su
                    LEFT JOIN ps_shop s ON (s.id_shop = su.id_shop)
                    WHERE (su.domain = &#039;localhost&#039; OR su.domain_ssl = &#039;localhost&#039;)
                        AND s.active = 1
                        AND s.deleted = 0
                    ORDER BY LENGTH(CONCAT(su.physical_uri, su.virtual_uri)) DESC&lt;/pre&gt; at line 769 in file classes/db/Db.php
*ERROR* 	v1.7.8.7	2022/11/21 - 12:15:22: Table &#039;prestashop.ps_shop_url&#039; doesn&#039;t exist&lt;br /&gt;&lt;br /&gt;&lt;pre&gt;SELECT s.id_shop, CONCAT(su.physical_uri, su.virtual_uri) AS uri, su.domain, su.main
                    FROM ps_shop_url su
                    LEFT JOIN ps_shop s ON (s.id_shop = su.id_shop)
                    WHERE (su.domain = &#039;localhost&#039; OR su.domain_ssl = &#039;localhost&#039;)
                        AND s.active = 1
                        AND s.deleted = 0
                    ORDER BY LENGTH(CONCAT(su.physical_uri, su.virtual_uri)) DESC&lt;/pre&gt; at line 769 in file classes/db/Db.php
*ERROR* 	v1.7.8.7	2022/11/21 - 12:15:22: Table &#039;prestashop.ps_shop_url&#039; doesn&#039;t exist&lt;br /&gt;&lt;br /&gt;&lt;pre&gt;SELECT s.id_shop, CONCAT(su.physical_uri, su.virtual_uri) AS uri, su.domain, su.main
                    FROM ps_shop_url su
                    LEFT JOIN ps_shop s ON (s.id_shop = su.id_shop)
                    WHERE (su.domain = &#039;localhost&#039; OR su.domain_ssl = &#039;localhost&#039;)
                        AND s.active = 1
                        AND s.deleted = 0
                    ORDER BY LENGTH(CONCAT(su.physical_uri, su.virtual_uri)) DESC&lt;/pre&gt; at line 769 in file classes/db/Db.php
*ERROR* 	v1.7.8.7	2022/11/21 - 12:15:22: Table &#039;prestashop.ps_shop_url&#039; doesn&#039;t exist&lt;br /&gt;&lt;br /&gt;&lt;pre&gt;SELECT s.id_shop, CONCAT(su.physical_uri, su.virtual_uri) AS uri, su.domain, su.main
                    FROM ps_shop_url su
                    LEFT JOIN ps_shop s ON (s.id_shop = su.id_shop)
                    WHERE (su.domain = &#039;localhost&#039; OR su.domain_ssl = &#039;localhost&#039;)
                        AND s.active = 1
                        AND s.deleted = 0
                    ORDER BY LENGTH(CONCAT(su.physical_uri, su.virtual_uri)) DESC&lt;/pre&gt; at line 769 in file classes/db/Db.php
*ERROR* 	v1.7.8.7	2022/11/21 - 12:15:22: Table &#039;prestashop.ps_shop_url&#039; doesn&#039;t exist&lt;br /&gt;&lt;br /&gt;&lt;pre&gt;SELECT s.id_shop, CONCAT(su.physical_uri, su.virtual_uri) AS uri, su.domain, su.main
                    FROM ps_shop_url su
                    LEFT JOIN ps_shop s ON (s.id_shop = su.id_shop)
                    WHERE (su.domain = &#039;localhost&#039; OR su.domain_ssl = &#039;localhost&#039;)
                        AND s.active = 1
                        AND s.deleted = 0
                    ORDER BY LENGTH(CONCAT(su.physical_uri, su.virtual_uri)) DESC&lt;/pre&gt; at line 769 in file classes/db/Db.php
*ERROR* 	v1.7.8.7	2022/11/21 - 12:15:22: Table &#039;prestashop.ps_shop_url&#039; doesn&#039;t exist&lt;br /&gt;&lt;br /&gt;&lt;pre&gt;SELECT s.id_shop, CONCAT(su.physical_uri, su.virtual_uri) AS uri, su.domain, su.main
                    FROM ps_shop_url su
                    LEFT JOIN ps_shop s ON (s.id_shop = su.id_shop)
                    WHERE (su.domain = &#039;localhost&#039; OR su.domain_ssl = &#039;localhost&#039;)
                        AND s.active = 1
                        AND s.deleted = 0
                    ORDER BY LENGTH(CONCAT(su.physical_uri, su.virtual_uri)) DESC&lt;/pre&gt; at line 769 in file classes/db/Db.php
*ERROR* 	v1.7.8.7	2022/11/21 - 12:15:23: Table &#039;prestashop.ps_shop_url&#039; doesn&#039;t exist&lt;br /&gt;&lt;br /&gt;&lt;pre&gt;SELECT s.id_shop, CONCAT(su.physical_uri, su.virtual_uri) AS uri, su.domain, su.main
                    FROM ps_shop_url su
                    LEFT JOIN ps_shop s ON (s.id_shop = su.id_shop)
                    WHERE (su.domain = &#039;localhost&#039; OR su.domain_ssl = &#039;localhost&#039;)
                        AND s.active = 1
                        AND s.deleted = 0
                    ORDER BY LENGTH(CONCAT(su.physical_uri, su.virtual_uri)) DESC&lt;/pre&gt; at line 769 in file classes/db/Db.php
*ERROR* 	v1.7.8.7	2022/11/21 - 12:16:01: Table &#039;prestashop.ps_shop_url&#039; doesn&#039;t exist&lt;br /&gt;&lt;br /&gt;&lt;pre&gt;SELECT s.id_shop, CONCAT(su.physical_uri, su.virtual_uri) AS uri, su.domain, su.main
                    FROM ps_shop_url su
                    LEFT JOIN ps_shop s ON (s.id_shop = su.id_shop)
                    WHERE (su.domain = &#039;localhost&#039; OR su.domain_ssl = &#039;localhost&#039;)
                        AND s.active = 1
                        AND s.deleted = 0
                    ORDER BY LENGTH(CONCAT(su.physical_uri, su.virtual_uri)) DESC&lt;/pre&gt; at line 769 in file classes/db/Db.php
*ERROR* 	v1.7.8.7	2022/11/21 - 12:16:02: Table &#039;prestashop.ps_shop_url&#039; doesn&#039;t exist&lt;br /&gt;&lt;br /&gt;&lt;pre&gt;SELECT s.id_shop, CONCAT(su.physical_uri, su.virtual_uri) AS uri, su.domain, su.main
                    FROM ps_shop_url su
                    LEFT JOIN ps_shop s ON (s.id_shop = su.id_shop)
                    WHERE (su.domain = &#039;localhost&#039; OR su.domain_ssl = &#039;localhost&#039;)
                        AND s.active = 1
                        AND s.deleted = 0
                    ORDER BY LENGTH(CONCAT(su.physical_uri, su.virtual_uri)) DESC&lt;/pre&gt; at line 769 in file classes/db/Db.php
*ERROR* 	v1.7.8.7	2022/11/21 - 12:16:02: Table &#039;prestashop.ps_shop_url&#039; doesn&#039;t exist&lt;br /&gt;&lt;br /&gt;&lt;pre&gt;SELECT s.id_shop, CONCAT(su.physical_uri, su.virtual_uri) AS uri, su.domain, su.main
                    FROM ps_shop_url su
                    LEFT JOIN ps_shop s ON (s.id_shop = su.id_shop)
                    WHERE (su.domain = &#039;localhost&#039; OR su.domain_ssl = &#039;localhost&#039;)
                        AND s.active = 1
                        AND s.deleted = 0
                    ORDER BY LENGTH(CONCAT(su.physical_uri, su.virtual_uri)) DESC&lt;/pre&gt; at line 769 in file classes/db/Db.php
*ERROR* 	v1.7.8.7	2022/11/21 - 12:16:02: Table &#039;prestashop.ps_shop_url&#039; doesn&#039;t exist&lt;br /&gt;&lt;br /&gt;&lt;pre&gt;SELECT s.id_shop, CONCAT(su.physical_uri, su.virtual_uri) AS uri, su.domain, su.main
                    FROM ps_shop_url su
                    LEFT JOIN ps_shop s ON (s.id_shop = su.id_shop)
                    WHERE (su.domain = &#039;localhost&#039; OR su.domain_ssl = &#039;localhost&#039;)
                        AND s.active = 1
                        AND s.deleted = 0
                    ORDER BY LENGTH(CONCAT(su.physical_uri, su.virtual_uri)) DESC&lt;/pre&gt; at line 769 in file classes/db/Db.php
